[35m[1mConsolidate compiler generated dependencies of target node_03[0m
[ 50%] [32mBuilding CXX object CMakeFiles/node_03.dir/src/node_03.cpp.o[0m
[01m[K/home/lhope/d2lros2/chapt2/chapt2_ws/src/example_cpp/src/node_03.cpp:17:19:[m[K [01;31m[Kerror: [m[Kexpected â€˜[01m[K,[m[Kâ€™ or â€˜[01m[K...[m[Kâ€™ before â€˜[01m[Kchar[m[Kâ€™
   17 | int main(int argc [01;31m[Kchar[m[K **argv)
      |                   [01;31m[K^~~~[m[K
[01m[K/home/lhope/d2lros2/chapt2/chapt2_ws/src/example_cpp/src/node_03.cpp:17:5:[m[K [01;35m[Kwarning: [m[Kâ€˜[01m[Kint main(int)[m[Kâ€™ takes only zero or two arguments [[01;35m[K]8;;https://gcc.gnu.org/onlinedocs/gcc/Warning-Options.html#index-Wmain-Wmain]8;;[m[K]
   17 | int [01;35m[Kmain[m[K(int argc char **argv)
      |     [01;35m[K^~~~[m[K
[01m[K/home/lhope/d2lros2/chapt2/chapt2_ws/src/example_cpp/src/node_03.cpp:[m[K In function â€˜[01m[Kint main(int)[m[Kâ€™:
[01m[K/home/lhope/d2lros2/chapt2/chapt2_ws/src/example_cpp/src/node_03.cpp:20:24:[m[K [01;31m[Kerror: [m[Kâ€˜[01m[Kargv[m[Kâ€™ was not declared in this scope; did you mean â€˜[01m[Kargc[m[Kâ€™?
   20 |     rclcpp::init(argc, [01;31m[Kargv[m[K);
      |                        [01;31m[K^~~~[m[K
      |                        [32m[Kargc[m[K
gmake[2]: *** [CMakeFiles/node_03.dir/build.make:76ï¼šCMakeFiles/node_03.dir/src/node_03.cpp.o] é”™è¯¯ 1
gmake[1]: *** [CMakeFiles/Makefile2:137ï¼šCMakeFiles/node_03.dir/all] é”™è¯¯ 2
gmake: *** [Makefile:146ï¼šall] é”™è¯¯ 2
