[0.006s] Invoking command in '/home/lhope/d2lros2/chapt2/chapt2_ws/build/example_cpp': CMAKE_PREFIX_PATH=${CMAKE_PREFIX_PATH}:/opt/ros/humble /usr/bin/cmake --build /home/lhope/d2lros2/chapt2/chapt2_ws/build/example_cpp -- -j20 -l20
[0.025s] [35m[1mConsolidate compiler generated dependencies of target node_03[0m
[0.033s] [ 50%] [32mBuilding CXX object CMakeFiles/node_03.dir/src/node_03.cpp.o[0m
[0.947s] [01m[K/home/lhope/d2lros2/chapt2/chapt2_ws/src/example_cpp/src/node_03.cpp:17:19:[m[K [01;31m[Kerror: [m[Kexpected â€˜[01m[K,[m[Kâ€™ or â€˜[01m[K...[m[Kâ€™ before â€˜[01m[Kchar[m[Kâ€™
[0.947s]    17 | int main(int argc [01;31m[Kchar[m[K **argv)
[0.947s]       |                   [01;31m[K^~~~[m[K
[0.948s] [01m[K/home/lhope/d2lros2/chapt2/chapt2_ws/src/example_cpp/src/node_03.cpp:17:5:[m[K [01;35m[Kwarning: [m[Kâ€˜[01m[Kint main(int)[m[Kâ€™ takes only zero or two arguments [[01;35m[K]8;;https://gcc.gnu.org/onlinedocs/gcc/Warning-Options.html#index-Wmain-Wmain]8;;[m[K]
[0.948s]    17 | int [01;35m[Kmain[m[K(int argc char **argv)
[0.948s]       |     [01;35m[K^~~~[m[K
[0.949s] [01m[K/home/lhope/d2lros2/chapt2/chapt2_ws/src/example_cpp/src/node_03.cpp:[m[K In function â€˜[01m[Kint main(int)[m[Kâ€™:
[0.949s] [01m[K/home/lhope/d2lros2/chapt2/chapt2_ws/src/example_cpp/src/node_03.cpp:20:24:[m[K [01;31m[Kerror: [m[Kâ€˜[01m[Kargv[m[Kâ€™ was not declared in this scope; did you mean â€˜[01m[Kargc[m[Kâ€™?
[0.949s]    20 |     rclcpp::init(argc, [01;31m[Kargv[m[K);
[0.949s]       |                        [01;31m[K^~~~[m[K
[0.949s]       |                        [32m[Kargc[m[K
[1.135s] gmake[2]: *** [CMakeFiles/node_03.dir/build.make:76ï¼šCMakeFiles/node_03.dir/src/node_03.cpp.o] é”™è¯¯ 1
[1.135s] gmake[1]: *** [CMakeFiles/Makefile2:137ï¼šCMakeFiles/node_03.dir/all] é”™è¯¯ 2
[1.135s] gmake: *** [Makefile:146ï¼šall] é”™è¯¯ 2
[1.136s] Invoked command in '/home/lhope/d2lros2/chapt2/chapt2_ws/build/example_cpp' returned '2': CMAKE_PREFIX_PATH=${CMAKE_PREFIX_PATH}:/opt/ros/humble /usr/bin/cmake --build /home/lhope/d2lros2/chapt2/chapt2_ws/build/example_cpp -- -j20 -l20
