[0.008s] Invoking command in '/home/lhope/d2lros2/chapt2/chapt2_ws/build/example_cpp': CMAKE_PREFIX_PATH=${CMAKE_PREFIX_PATH}:/opt/ros/humble /usr/bin/cmake --build /home/lhope/d2lros2/chapt2/chapt2_ws/build/example_cpp -- -j20 -l20
[0.029s] [35m[1mConsolidate compiler generated dependencies of target node_03[0m
[0.038s] [ 50%] [32mBuilding CXX object CMakeFiles/node_03.dir/src/node_03.cpp.o[0m
[0.946s] [01m[K/home/lhope/d2lros2/chapt2/chapt2_ws/src/example_cpp/src/node_03.cpp:7:9:[m[K [01;31m[Kerror: [m[KISO C++ forbids declaration of â€˜[01m[KNode03[m[Kâ€™ with no type [[01;31m[K]8;;https://gcc.gnu.org/onlinedocs/gcc/Warning-Options.html#index-fpermissive-fpermissive]8;;[m[K]
[0.946s]     7 |         [01;31m[KNode03[m[K(std::string node_name):Node(name)
[0.946s]       |         [01;31m[K^~~~~~[m[K
[0.946s] [01m[K/home/lhope/d2lros2/chapt2/chapt2_ws/src/example_cpp/src/node_03.cpp:12:8:[m[K [01;31m[Kerror: [m[Kexpected â€˜[01m[K:[m[Kâ€™ before â€˜[01m[K}[m[Kâ€™ token
[0.946s]    12 | private
[0.946s]       |        [01;31m[K^[m[K
[0.946s]       |        [32m[K:[m[K
[0.946s]    13 | 
[0.946s]    14 | [32m[K}[m[K;
[0.946s]       | [32m[K~[m[K       
[0.946s] [01m[K/home/lhope/d2lros2/chapt2/chapt2_ws/src/example_cpp/src/node_03.cpp:[m[K In member function â€˜[01m[Kint Node_03::Node03(std::string)[m[Kâ€™:
[0.946s] [01m[K/home/lhope/d2lros2/chapt2/chapt2_ws/src/example_cpp/src/node_03.cpp:7:39:[m[K [01;31m[Kerror: [m[Konly constructors take member initializers
[0.946s]     7 |         Node03(std::string node_name):[01;31m[KNode[m[K(name)
[0.946s]       |                                       [01;31m[K^~~~[m[K
[0.946s] [01m[K/home/lhope/d2lros2/chapt2/chapt2_ws/src/example_cpp/src/node_03.cpp:7:44:[m[K [01;31m[Kerror: [m[Kâ€˜[01m[Kname[m[Kâ€™ was not declared in this scope; did you mean â€˜[01m[Krosidl_generator_traits::name[m[Kâ€™?
[0.946s]     7 |         Node03(std::string node_name):Node([01;31m[Kname[m[K)
[0.946s]       |                                            [01;31m[K^~~~[m[K
[0.946s]       |                                            [32m[Krosidl_generator_traits::name[m[K
[0.946s] In file included from [01m[K/opt/ros/humble/include/builtin_interfaces/builtin_interfaces/msg/detail/duration__traits.hpp:15[m[K,
[0.946s]                  from [01m[K/opt/ros/humble/include/builtin_interfaces/builtin_interfaces/msg/duration.hpp:9[m[K,
[0.946s]                  from [01m[K/opt/ros/humble/include/rclcpp/rclcpp/duration.hpp:20[m[K,
[0.946s]                  from [01m[K/opt/ros/humble/include/rclcpp/rclcpp/qos.hpp:20[m[K,
[0.946s]                  from [01m[K/opt/ros/humble/include/rclcpp/rclcpp/node_interfaces/node_graph_interface.hpp:32[m[K,
[0.946s]                  from [01m[K/opt/ros/humble/include/rclcpp/rclcpp/client.hpp:42[m[K,
[0.946s]                  from [01m[K/opt/ros/humble/include/rclcpp/rclcpp/callback_group.hpp:24[m[K,
[0.946s]                  from [01m[K/opt/ros/humble/include/rclcpp/rclcpp/any_executable.hpp:20[m[K,
[0.946s]                  from [01m[K/opt/ros/humble/include/rclcpp/rclcpp/memory_strategy.hpp:25[m[K,
[0.946s]                  from [01m[K/opt/ros/humble/include/rclcpp/rclcpp/memory_strategies.hpp:18[m[K,
[0.946s]                  from [01m[K/opt/ros/humble/include/rclcpp/rclcpp/executor_options.hpp:20[m[K,
[0.946s]                  from [01m[K/opt/ros/humble/include/rclcpp/rclcpp/executor.hpp:37[m[K,
[0.947s]                  from [01m[K/opt/ros/humble/include/rclcpp/rclcpp/executors/multi_threaded_executor.hpp:25[m[K,
[0.947s]                  from [01m[K/opt/ros/humble/include/rclcpp/rclcpp/executors.hpp:21[m[K,
[0.947s]                  from [01m[K/opt/ros/humble/include/rclcpp/rclcpp/rclcpp.hpp:155[m[K,
[0.947s]                  from [01m[K/home/lhope/d2lros2/chapt2/chapt2_ws/src/example_cpp/src/node_03.cpp:1[m[K:
[0.947s] [01m[K/opt/ros/humble/include/rosidl_runtime_cpp/rosidl_runtime_cpp/traits.hpp:155:21:[m[K [01;36m[Knote: [m[Kâ€˜[01m[Krosidl_generator_traits::name[m[Kâ€™ declared here
[0.947s]   155 | inline const char * [01;36m[Kname[m[K();
[0.947s]       |                     [01;36m[K^~~~[m[K
[0.947s] [01m[K/home/lhope/d2lros2/chapt2/chapt2_ws/src/example_cpp/src/node_03.cpp:11:9:[m[K [01;35m[Kwarning: [m[Kno return statement in function returning non-void [[01;35m[K]8;;https://gcc.gnu.org/onlinedocs/gcc/Warning-Options.html#index-Wreturn-type-Wreturn-type]8;;[m[K]
[0.947s]    11 |         [01;35m[K}[m[K
[0.947s]       |         [01;35m[K^[m[K
[0.947s] [01m[K/home/lhope/d2lros2/chapt2/chapt2_ws/src/example_cpp/src/node_03.cpp:[m[K At global scope:
[0.947s] [01m[K/home/lhope/d2lros2/chapt2/chapt2_ws/src/example_cpp/src/node_03.cpp:17:19:[m[K [01;31m[Kerror: [m[Kexpected â€˜[01m[K,[m[Kâ€™ or â€˜[01m[K...[m[Kâ€™ before â€˜[01m[Kchar[m[Kâ€™
[0.947s]    17 | int main(int argc [01;31m[Kchar[m[K **argv)
[0.947s]       |                   [01;31m[K^~~~[m[K
[0.947s] [01m[K/home/lhope/d2lros2/chapt2/chapt2_ws/src/example_cpp/src/node_03.cpp:17:5:[m[K [01;35m[Kwarning: [m[Kâ€˜[01m[Kint main(int)[m[Kâ€™ takes only zero or two arguments [[01;35m[K]8;;https://gcc.gnu.org/onlinedocs/gcc/Warning-Options.html#index-Wmain-Wmain]8;;[m[K]
[0.947s]    17 | int [01;35m[Kmain[m[K(int argc char **argv)
[0.947s]       |     [01;35m[K^~~~[m[K
[0.948s] [01m[K/home/lhope/d2lros2/chapt2/chapt2_ws/src/example_cpp/src/node_03.cpp:[m[K In function â€˜[01m[Kint main(int)[m[Kâ€™:
[0.948s] [01m[K/home/lhope/d2lros2/chapt2/chapt2_ws/src/example_cpp/src/node_03.cpp:20:24:[m[K [01;31m[Kerror: [m[Kâ€˜[01m[Kargv[m[Kâ€™ was not declared in this scope; did you mean â€˜[01m[Kargc[m[Kâ€™?
[0.948s]    20 |     rclcpp::init(argc, [01;31m[Kargv[m[K);
[0.948s]       |                        [01;31m[K^~~~[m[K
[0.948s]       |                        [32m[Kargc[m[K
[1.109s] In file included from [01m[K/usr/include/x86_64-linux-gnu/c++/11/bits/c++allocator.h:33[m[K,
[1.109s]                  from [01m[K/usr/include/c++/11/bits/allocator.h:46[m[K,
[1.109s]                  from [01m[K/usr/include/c++/11/memory:64[m[K,
[1.109s]                  from [01m[K/opt/ros/humble/include/rclcpp/rclcpp/rclcpp.hpp:153[m[K,
[1.109s]                  from [01m[K/home/lhope/d2lros2/chapt2/chapt2_ws/src/example_cpp/src/node_03.cpp:1[m[K:
[1.109s] /usr/include/c++/11/ext/new_allocator.h: In instantiation of â€˜[01m[Kvoid __gnu_cxx::new_allocator<_Tp>::construct(_Up*, _Args&& ...) [with _Up = Node_03; _Args = {const char (&)[8]}; _Tp = Node_03][m[Kâ€™:
[1.109s] [01m[K/usr/include/c++/11/bits/alloc_traits.h:516:17:[m[K   required from â€˜[01m[Kstatic void std::allocator_traits<std::allocator<_Tp1> >::construct(std::allocator_traits<std::allocator<_Tp1> >::allocator_type&, _Up*, _Args&& ...) [with _Up = Node_03; _Args = {const char (&)[8]}; _Tp = Node_03; std::allocator_traits<std::allocator<_Tp1> >::allocator_type = std::allocator<Node_03>][m[Kâ€™
[1.109s] [01m[K/usr/include/c++/11/bits/shared_ptr_base.h:519:39:[m[K   required from â€˜[01m[Kstd::_Sp_counted_ptr_inplace<_Tp, _Alloc, _Lp>::_Sp_counted_ptr_inplace(_Alloc, _Args&& ...) [with _Args = {const char (&)[8]}; _Tp = Node_03; _Alloc = std::allocator<Node_03>; __gnu_cxx::_Lock_policy _Lp = __gnu_cxx::_S_atomic][m[Kâ€™
[1.109s] [01m[K/usr/include/c++/11/bits/shared_ptr_base.h:650:16:[m[K   required from â€˜[01m[Kstd::__shared_count<_Lp>::__shared_count(_Tp*&, std::_Sp_alloc_shared_tag<_Alloc>, _Args&& ...) [with _Tp = Node_03; _Alloc = std::allocator<Node_03>; _Args = {const char (&)[8]}; __gnu_cxx::_Lock_policy _Lp = __gnu_cxx::_S_atomic][m[Kâ€™
[1.109s] [01m[K/usr/include/c++/11/bits/shared_ptr_base.h:1342:14:[m[K   required from â€˜[01m[Kstd::__shared_ptr<_Tp, _Lp>::__shared_ptr(std::_Sp_alloc_shared_tag<_Tp>, _Args&& ...) [with _Alloc = std::allocator<Node_03>; _Args = {const char (&)[8]}; _Tp = Node_03; __gnu_cxx::_Lock_policy _Lp = __gnu_cxx::_S_atomic][m[Kâ€™
[1.109s] [01m[K/usr/include/c++/11/bits/shared_ptr.h:409:59:[m[K   required from â€˜[01m[Kstd::shared_ptr<_Tp>::shared_ptr(std::_Sp_alloc_shared_tag<_Tp>, _Args&& ...) [with _Alloc = std::allocator<Node_03>; _Args = {const char (&)[8]}; _Tp = Node_03][m[Kâ€™
[1.109s] [01m[K/usr/include/c++/11/bits/shared_ptr.h:862:14:[m[K   required from â€˜[01m[Kstd::shared_ptr<_Tp> std::allocate_shared(const _Alloc&, _Args&& ...) [with _Tp = Node_03; _Alloc = std::allocator<Node_03>; _Args = {const char (&)[8]}][m[Kâ€™
[1.109s] [01m[K/usr/include/c++/11/bits/shared_ptr.h:878:39:[m[K   required from â€˜[01m[Kstd::shared_ptr<_Tp> std::make_shared(_Args&& ...) [with _Tp = Node_03; _Args = {const char (&)[8]}][m[Kâ€™
[1.109s] [01m[K/home/lhope/d2lros2/chapt2/chapt2_ws/src/example_cpp/src/node_03.cpp:22:42:[m[K   required from here
[1.109s] [01m[K/usr/include/c++/11/ext/new_allocator.h:162:11:[m[K [01;31m[Kerror: [m[Kno matching function for call to â€˜[01m[KNode_03::Node_03(const char [8])[m[Kâ€™
[1.109s]   162 |         { [01;31m[K::new((void *)__p) _Up(std::forward<_Args>(__args)...)[m[K; }
[1.109s]       |           [01;31m[K^~~~~~~~~~~~~~~~~~~~~~~~~~~~~~~~~~~~~~~~~~~~~~~~~~~~~~[m[K
[1.109s] [01m[K/home/lhope/d2lros2/chapt2/chapt2_ws/src/example_cpp/src/node_03.cpp:4:7:[m[K [01;36m[Knote: [m[Kcandidate: â€˜[01m[KNode_03::Node_03()[m[Kâ€™ (deleted)
[1.109s]     4 | class [01;36m[KNode_03[m[K : public rclcpp::Node
[1.109s]       |       [01;36m[K^~~~~~~[m[K
[1.109s] [01m[K/home/lhope/d2lros2/chapt2/chapt2_ws/src/example_cpp/src/node_03.cpp:4:7:[m[K [01;36m[Knote: [m[K  candidate expects 0 arguments, 1 provided
[1.109s] [01m[K/home/lhope/d2lros2/chapt2/chapt2_ws/src/example_cpp/src/node_03.cpp:4:7:[m[K [01;36m[Knote: [m[Kcandidate: â€˜[01m[KNode_03::Node_03(const Node_03&)[m[Kâ€™ (deleted)
[1.109s] [01m[K/home/lhope/d2lros2/chapt2/chapt2_ws/src/example_cpp/src/node_03.cpp:4:7:[m[K [01;36m[Knote: [m[K  no known conversion for argument 1 from â€˜[01m[Kconst char [8][m[Kâ€™ to â€˜[01m[Kconst Node_03&[m[Kâ€™
[1.109s] [01m[K/home/lhope/d2lros2/chapt2/chapt2_ws/src/example_cpp/src/node_03.cpp:4:7:[m[K [01;36m[Knote: [m[Kcandidate: â€˜[01m[KNode_03::Node_03(Node_03&&)[m[Kâ€™ (deleted)
[1.109s] [01m[K/home/lhope/d2lros2/chapt2/chapt2_ws/src/example_cpp/src/node_03.cpp:4:7:[m[K [01;36m[Knote: [m[K  no known conversion for argument 1 from â€˜[01m[Kconst char [8][m[Kâ€™ to â€˜[01m[KNode_03&&[m[Kâ€™
[1.137s] gmake[2]: *** [CMakeFiles/node_03.dir/build.make:76ï¼šCMakeFiles/node_03.dir/src/node_03.cpp.o] é”™è¯¯ 1
[1.137s] gmake[1]: *** [CMakeFiles/Makefile2:137ï¼šCMakeFiles/node_03.dir/all] é”™è¯¯ 2
[1.137s] gmake: *** [Makefile:146ï¼šall] é”™è¯¯ 2
[1.138s] Invoked command in '/home/lhope/d2lros2/chapt2/chapt2_ws/build/example_cpp' returned '2': CMAKE_PREFIX_PATH=${CMAKE_PREFIX_PATH}:/opt/ros/humble /usr/bin/cmake --build /home/lhope/d2lros2/chapt2/chapt2_ws/build/example_cpp -- -j20 -l20
